# Logfile created on 2014-06-02 15:21:16 +0200 by logger.rb/41954
I, [2014-06-02T15:21:16.721555 #11138]  INFO -- : 0:  json (1.8.1) from /Users/nkcr/.rvm/gems/ruby-2.0.0-p353/specifications/json-1.8.1.gemspec
I, [2014-06-02T15:21:17.806691 #11138]  INFO -- : 0:  newrelic_plugin (1.3.1) from /Users/nkcr/.rvm/gems/ruby-2.0.0-p353/specifications/newrelic_plugin-1.3.1.gemspec
I, [2014-06-02T15:21:17.807369 #11138]  INFO -- : 0:  bundler (1.5.1) from /Users/nkcr/.rvm/gems/ruby-2.0.0-p353@global/specifications/bundler-1.5.1.gemspec
I, [2014-06-03T17:15:02.707541 #20534]  INFO -- : 0:  json (1.8.1) from /Users/nkcr/.rvm/gems/ruby-2.0.0-p353/specifications/json-1.8.1.gemspec
I, [2014-06-03T17:15:02.714043 #20534]  INFO -- : 0:  newrelic_plugin (1.3.1) from /Users/nkcr/.rvm/gems/ruby-2.0.0-p353/specifications/newrelic_plugin-1.3.1.gemspec
I, [2014-06-03T17:15:02.714818 #20534]  INFO -- : 0:  bundler (1.5.1) from /Users/nkcr/.rvm/gems/ruby-2.0.0-p353@global/specifications/bundler-1.5.1.gemspec
I, [2014-06-03T17:16:08.564200 #20540]  INFO -- : 0:  addressable (2.3.6) from /Users/nkcr/.rvm/gems/ruby-2.0.0-p353/specifications/addressable-2.3.6.gemspec
I, [2014-06-03T17:16:08.565233 #20540]  INFO -- : 0:  extlib (0.9.16) from /Users/nkcr/.rvm/gems/ruby-2.0.0-p353/specifications/extlib-0.9.16.gemspec
I, [2014-06-03T17:16:08.566133 #20540]  INFO -- : 0:  multi_json (1.10.1) from /Users/nkcr/.rvm/gems/ruby-2.0.0-p353/specifications/multi_json-1.10.1.gemspec
I, [2014-06-03T17:16:08.566615 #20540]  INFO -- : 0:  autoparse (0.3.3) from /Users/nkcr/.rvm/gems/ruby-2.0.0-p353/specifications/autoparse-0.3.3.gemspec
I, [2014-06-03T17:16:08.567070 #20540]  INFO -- : 0:  multipart-post (2.0.0) from /Users/nkcr/.rvm/gems/ruby-2.0.0-p353/specifications/multipart-post-2.0.0.gemspec
I, [2014-06-03T17:16:08.567574 #20540]  INFO -- : 0:  faraday (0.9.0) from /Users/nkcr/.rvm/gems/ruby-2.0.0-p353/specifications/faraday-0.9.0.gemspec
I, [2014-06-03T17:16:08.567971 #20540]  INFO -- : 0:  jwt (1.0.0) from /Users/nkcr/.rvm/gems/ruby-2.0.0-p353/specifications/jwt-1.0.0.gemspec
I, [2014-06-03T17:16:08.568311 #20540]  INFO -- : 0:  launchy (2.4.2) from /Users/nkcr/.rvm/gems/ruby-2.0.0-p353/specifications/launchy-2.4.2.gemspec
I, [2014-06-03T17:16:08.568733 #20540]  INFO -- : 0:  retriable (1.4.1) from /Users/nkcr/.rvm/gems/ruby-2.0.0-p353/specifications/retriable-1.4.1.gemspec
I, [2014-06-03T17:16:08.569097 #20540]  INFO -- : 0:  signet (0.5.0) from /Users/nkcr/.rvm/gems/ruby-2.0.0-p353/specifications/signet-0.5.0.gemspec
I, [2014-06-03T17:16:08.569436 #20540]  INFO -- : 0:  uuidtools (2.1.4) from /Users/nkcr/.rvm/gems/ruby-2.0.0-p353/specifications/uuidtools-2.1.4.gemspec
I, [2014-06-03T17:16:08.569773 #20540]  INFO -- : 0:  google-api-client (0.7.1) from /Users/nkcr/.rvm/gems/ruby-2.0.0-p353/specifications/google-api-client-0.7.1.gemspec
I, [2014-06-03T17:16:08.570112 #20540]  INFO -- : 0:  json (1.8.1) from /Users/nkcr/.rvm/gems/ruby-2.0.0-p353/specifications/json-1.8.1.gemspec
I, [2014-06-03T17:16:08.570452 #20540]  INFO -- : 0:  newrelic_plugin (1.3.1) from /Users/nkcr/.rvm/gems/ruby-2.0.0-p353/specifications/newrelic_plugin-1.3.1.gemspec
I, [2014-06-03T17:16:08.570779 #20540]  INFO -- : 0:  bundler (1.5.1) from /Users/nkcr/.rvm/gems/ruby-2.0.0-p353@global/specifications/bundler-1.5.1.gemspec
I, [2014-06-03T17:28:56.602910 #20595]  INFO -- : 0:  addressable (2.3.6) from /Users/nkcr/.rvm/gems/ruby-2.0.0-p353/specifications/addressable-2.3.6.gemspec
I, [2014-06-03T17:28:56.604756 #20595]  INFO -- : 0:  extlib (0.9.16) from /Users/nkcr/.rvm/gems/ruby-2.0.0-p353/specifications/extlib-0.9.16.gemspec
I, [2014-06-03T17:28:56.605162 #20595]  INFO -- : 0:  multi_json (1.10.1) from /Users/nkcr/.rvm/gems/ruby-2.0.0-p353/specifications/multi_json-1.10.1.gemspec
I, [2014-06-03T17:28:56.605502 #20595]  INFO -- : 0:  autoparse (0.3.3) from /Users/nkcr/.rvm/gems/ruby-2.0.0-p353/specifications/autoparse-0.3.3.gemspec
I, [2014-06-03T17:28:56.607092 #20595]  INFO -- : 0:  multipart-post (2.0.0) from /Users/nkcr/.rvm/gems/ruby-2.0.0-p353/specifications/multipart-post-2.0.0.gemspec
I, [2014-06-03T17:28:56.609728 #20595]  INFO -- : 0:  faraday (0.9.0) from /Users/nkcr/.rvm/gems/ruby-2.0.0-p353/specifications/faraday-0.9.0.gemspec
I, [2014-06-03T17:28:56.610238 #20595]  INFO -- : 0:  jwt (1.0.0) from /Users/nkcr/.rvm/gems/ruby-2.0.0-p353/specifications/jwt-1.0.0.gemspec
I, [2014-06-03T17:28:56.610916 #20595]  INFO -- : 0:  launchy (2.4.2) from /Users/nkcr/.rvm/gems/ruby-2.0.0-p353/specifications/launchy-2.4.2.gemspec
I, [2014-06-03T17:28:56.611321 #20595]  INFO -- : 0:  retriable (1.4.1) from /Users/nkcr/.rvm/gems/ruby-2.0.0-p353/specifications/retriable-1.4.1.gemspec
I, [2014-06-03T17:28:56.611659 #20595]  INFO -- : 0:  signet (0.5.0) from /Users/nkcr/.rvm/gems/ruby-2.0.0-p353/specifications/signet-0.5.0.gemspec
I, [2014-06-03T17:28:56.612336 #20595]  INFO -- : 0:  uuidtools (2.1.4) from /Users/nkcr/.rvm/gems/ruby-2.0.0-p353/specifications/uuidtools-2.1.4.gemspec
I, [2014-06-03T17:28:56.612907 #20595]  INFO -- : 0:  google-api-client (0.7.1) from /Users/nkcr/.rvm/gems/ruby-2.0.0-p353/specifications/google-api-client-0.7.1.gemspec
I, [2014-06-03T17:28:56.613280 #20595]  INFO -- : 0:  json (1.8.1) from /Users/nkcr/.rvm/gems/ruby-2.0.0-p353/specifications/json-1.8.1.gemspec
I, [2014-06-03T17:28:56.613628 #20595]  INFO -- : 0:  newrelic_plugin (1.3.1) from /Users/nkcr/.rvm/gems/ruby-2.0.0-p353/specifications/newrelic_plugin-1.3.1.gemspec
I, [2014-06-03T17:28:56.613955 #20595]  INFO -- : 0:  bundler (1.5.1) from /Users/nkcr/.rvm/gems/ruby-2.0.0-p353@global/specifications/bundler-1.5.1.gemspec
I, [2014-06-03T17:36:14.331586 #20654]  INFO -- : 0:  addressable (2.3.6) from /Users/nkcr/.rvm/gems/ruby-2.0.0-p353/specifications/addressable-2.3.6.gemspec
I, [2014-06-03T17:36:14.333907 #20654]  INFO -- : 0:  extlib (0.9.16) from /Users/nkcr/.rvm/gems/ruby-2.0.0-p353/specifications/extlib-0.9.16.gemspec
I, [2014-06-03T17:36:14.334318 #20654]  INFO -- : 0:  multi_json (1.10.1) from /Users/nkcr/.rvm/gems/ruby-2.0.0-p353/specifications/multi_json-1.10.1.gemspec
I, [2014-06-03T17:36:14.334664 #20654]  INFO -- : 0:  autoparse (0.3.3) from /Users/nkcr/.rvm/gems/ruby-2.0.0-p353/specifications/autoparse-0.3.3.gemspec
I, [2014-06-03T17:36:14.335003 #20654]  INFO -- : 0:  multipart-post (2.0.0) from /Users/nkcr/.rvm/gems/ruby-2.0.0-p353/specifications/multipart-post-2.0.0.gemspec
I, [2014-06-03T17:36:14.335488 #20654]  INFO -- : 0:  faraday (0.9.0) from /Users/nkcr/.rvm/gems/ruby-2.0.0-p353/specifications/faraday-0.9.0.gemspec
I, [2014-06-03T17:36:14.335896 #20654]  INFO -- : 0:  jwt (1.0.0) from /Users/nkcr/.rvm/gems/ruby-2.0.0-p353/specifications/jwt-1.0.0.gemspec
I, [2014-06-03T17:36:14.336259 #20654]  INFO -- : 0:  launchy (2.4.2) from /Users/nkcr/.rvm/gems/ruby-2.0.0-p353/specifications/launchy-2.4.2.gemspec
I, [2014-06-03T17:36:14.336603 #20654]  INFO -- : 0:  retriable (1.4.1) from /Users/nkcr/.rvm/gems/ruby-2.0.0-p353/specifications/retriable-1.4.1.gemspec
I, [2014-06-03T17:36:14.336944 #20654]  INFO -- : 0:  signet (0.5.0) from /Users/nkcr/.rvm/gems/ruby-2.0.0-p353/specifications/signet-0.5.0.gemspec
I, [2014-06-03T17:36:14.337291 #20654]  INFO -- : 0:  uuidtools (2.1.4) from /Users/nkcr/.rvm/gems/ruby-2.0.0-p353/specifications/uuidtools-2.1.4.gemspec
I, [2014-06-03T17:36:14.337655 #20654]  INFO -- : 0:  google-api-client (0.7.1) from /Users/nkcr/.rvm/gems/ruby-2.0.0-p353/specifications/google-api-client-0.7.1.gemspec
I, [2014-06-03T17:36:14.338008 #20654]  INFO -- : 0:  json (1.8.1) from /Users/nkcr/.rvm/gems/ruby-2.0.0-p353/specifications/json-1.8.1.gemspec
I, [2014-06-03T17:36:14.338356 #20654]  INFO -- : 0:  newrelic_plugin (1.3.1) from /Users/nkcr/.rvm/gems/ruby-2.0.0-p353/specifications/newrelic_plugin-1.3.1.gemspec
I, [2014-06-03T17:36:14.338677 #20654]  INFO -- : 0:  bundler (1.5.1) from /Users/nkcr/.rvm/gems/ruby-2.0.0-p353@global/specifications/bundler-1.5.1.gemspec
I, [2014-06-03T17:40:15.293941 #20676]  INFO -- : 0:  addressable (2.3.6) from /Users/nkcr/.rvm/gems/ruby-2.0.0-p353/specifications/addressable-2.3.6.gemspec
I, [2014-06-03T17:40:15.298754 #20676]  INFO -- : 0:  extlib (0.9.16) from /Users/nkcr/.rvm/gems/ruby-2.0.0-p353/specifications/extlib-0.9.16.gemspec
I, [2014-06-03T17:40:15.299226 #20676]  INFO -- : 0:  multi_json (1.10.1) from /Users/nkcr/.rvm/gems/ruby-2.0.0-p353/specifications/multi_json-1.10.1.gemspec
I, [2014-06-03T17:40:15.299594 #20676]  INFO -- : 0:  autoparse (0.3.3) from /Users/nkcr/.rvm/gems/ruby-2.0.0-p353/specifications/autoparse-0.3.3.gemspec
I, [2014-06-03T17:40:15.299957 #20676]  INFO -- : 0:  multipart-post (2.0.0) from /Users/nkcr/.rvm/gems/ruby-2.0.0-p353/specifications/multipart-post-2.0.0.gemspec
I, [2014-06-03T17:40:15.300308 #20676]  INFO -- : 0:  faraday (0.9.0) from /Users/nkcr/.rvm/gems/ruby-2.0.0-p353/specifications/faraday-0.9.0.gemspec
I, [2014-06-03T17:40:15.300654 #20676]  INFO -- : 0:  jwt (1.0.0) from /Users/nkcr/.rvm/gems/ruby-2.0.0-p353/specifications/jwt-1.0.0.gemspec
I, [2014-06-03T17:40:15.301000 #20676]  INFO -- : 0:  launchy (2.4.2) from /Users/nkcr/.rvm/gems/ruby-2.0.0-p353/specifications/launchy-2.4.2.gemspec
I, [2014-06-03T17:40:15.301355 #20676]  INFO -- : 0:  retriable (1.4.1) from /Users/nkcr/.rvm/gems/ruby-2.0.0-p353/specifications/retriable-1.4.1.gemspec
I, [2014-06-03T17:40:15.301721 #20676]  INFO -- : 0:  signet (0.5.0) from /Users/nkcr/.rvm/gems/ruby-2.0.0-p353/specifications/signet-0.5.0.gemspec
I, [2014-06-03T17:40:15.302097 #20676]  INFO -- : 0:  uuidtools (2.1.4) from /Users/nkcr/.rvm/gems/ruby-2.0.0-p353/specifications/uuidtools-2.1.4.gemspec
I, [2014-06-03T17:40:15.302468 #20676]  INFO -- : 0:  google-api-client (0.7.1) from /Users/nkcr/.rvm/gems/ruby-2.0.0-p353/specifications/google-api-client-0.7.1.gemspec
I, [2014-06-03T17:40:15.302834 #20676]  INFO -- : 0:  json (1.8.1) from /Users/nkcr/.rvm/gems/ruby-2.0.0-p353/specifications/json-1.8.1.gemspec
I, [2014-06-03T17:40:15.303192 #20676]  INFO -- : 0:  newrelic_plugin (1.3.1) from /Users/nkcr/.rvm/gems/ruby-2.0.0-p353/specifications/newrelic_plugin-1.3.1.gemspec
I, [2014-06-03T17:40:15.303538 #20676]  INFO -- : 0:  bundler (1.5.1) from /Users/nkcr/.rvm/gems/ruby-2.0.0-p353@global/specifications/bundler-1.5.1.gemspec
